<?xml version="1.0" encoding="UTF-8"?>
<!-- Generated by org.testng.reporters.JUnitXMLReporter -->
<testsuite ignored="0" hostname="Neelam" failures="0" tests="11" name="Surefire test" time="76.52" errors="0" timestamp="08 Jul. 2023 20:24:23 GMT">
  <testcase classname="com.naveenautomationlabs.AutomationFramework.LaptopsNotebookTest" name="validateClickingOnListOfLaptopsNotebookGoTORespectivePage" time="3.09"/>
  <testcase classname="com.naveenautomationlabs.AutomationFramework.MyWishListTest" name="validateGettingCellElementFromTable" time="2.484"/>
  <testcase classname="com.naveenautomationlabs.AutomationFramework.YourStoreTest" name="validateClickingDisplayItemOnMainPageTakesToItemPage" time="3.186"/>
  <testcase classname="com.naveenautomationlabs.AutomationFramework.YourStoreTest" name="validateDisplayImageIsMovingOnMainPage" time="3.105"/>
  <testcase classname="com.naveenautomationlabs.AutomationFramework.YourStoreTest" name="validateFooterDisplayImagesMoving" time="3.702"/>
  <testcase classname="com.naveenautomationlabs.AutomationFramework.YourStoreTest" name="validateLoginUsingValidCredentials" time="1.707"/>
  <testcase classname="com.naveenautomationlabs.AutomationFramework.YourStoreTest" name="validateLoginUsingValidCredentials" time="1.388"/>
  <testcase classname="com.naveenautomationlabs.AutomationFramework.YourStoreTest" name="validateLoginUsingValidCredentials" time="1.411"/>
  <testcase classname="com.naveenautomationlabs.AutomationFramework.YourStoreTest" name="validateLoginUsingValidCredentials" time="1.349"/>
  <testcase classname="com.naveenautomationlabs.AutomationFramework.YourStoreTest" name="validateWishListIsUpdated" time="3.161"/>
  <testcase classname="com.naveenautomationlabs.AutomationFramework.MyWishListTest" name="validateLogin" time="2.287"/>
</testsuite> <!-- Surefire test -->
