<?xml version="1.0" encoding="UTF-8"?>
<!-- Generated by org.testng.reporters.JUnitXMLReporter -->
<testsuite ignored="4" hostname="Neelam" failures="0" tests="4" name="Default test" time="28.783" errors="0" timestamp="2023-07-08T15:26:52 EDT">
  <testcase classname="com.naveenautomationlabs.AutomationFramework.YourStoreTest" name="validateLoginUsingValidCredentials" time="1.925"/>
  <testcase classname="com.naveenautomationlabs.AutomationFramework.YourStoreTest" name="validateLoginUsingValidCredentials" time="1.751"/>
  <testcase classname="com.naveenautomationlabs.AutomationFramework.YourStoreTest" name="validateLoginUsingValidCredentials" time="1.655"/>
  <testcase classname="com.naveenautomationlabs.AutomationFramework.YourStoreTest" name="validateLoginUsingValidCredentials" time="1.68"/>
  <testcase classname="com.naveenautomationlabs.AutomationFramework.YourStoreTest" name="validateDisplayImageIsMovingOnMainPage" time="0.0">
    <ignored/>
  </testcase> <!-- validateDisplayImageIsMovingOnMainPage -->
  <testcase classname="com.naveenautomationlabs.AutomationFramework.YourStoreTest" name="validateWishListIsUpdated" time="0.0">
    <ignored/>
  </testcase> <!-- validateWishListIsUpdated -->
  <testcase classname="com.naveenautomationlabs.AutomationFramework.YourStoreTest" name="validateClickingDisplayItemOnMainPageTakesToItemPage" time="0.0">
    <ignored/>
  </testcase> <!-- validateClickingDisplayItemOnMainPageTakesToItemPage -->
  <testcase classname="com.naveenautomationlabs.AutomationFramework.YourStoreTest" name="validateFooterDisplayImagesMoving" time="0.0">
    <ignored/>
  </testcase> <!-- validateFooterDisplayImagesMoving -->
</testsuite> <!-- Default test -->
