<?xml version="1.0" encoding="UTF-8"?>
<!-- Generated by org.testng.reporters.JUnitXMLReporter -->
<testsuite ignored="0" hostname="Neelam" failures="0" tests="9" name="Test" time="75.811" errors="0" timestamp="2023-07-08T15:33:45 EDT">
  <testcase classname="com.naveenautomationlabs.AutomationFramework.YourStoreTest" name="validateClickingDisplayItemOnMainPageTakesToItemPage" time="9.186"/>
  <testcase classname="com.naveenautomationlabs.AutomationFramework.YourStoreTest" name="validateDisplayImageIsMovingOnMainPage" time="3.168"/>
  <testcase classname="com.naveenautomationlabs.AutomationFramework.YourStoreTest" name="validateFooterDisplayImagesMoving" time="3.578"/>
  <testcase classname="com.naveenautomationlabs.AutomationFramework.YourStoreTest" name="validateLoginUsingValidCredentials" time="1.957"/>
  <testcase classname="com.naveenautomationlabs.AutomationFramework.YourStoreTest" name="validateLoginUsingValidCredentials" time="1.76"/>
  <testcase classname="com.naveenautomationlabs.AutomationFramework.YourStoreTest" name="validateLoginUsingValidCredentials" time="1.664"/>
  <testcase classname="com.naveenautomationlabs.AutomationFramework.YourStoreTest" name="validateLoginUsingValidCredentials" time="1.781"/>
  <testcase classname="com.naveenautomationlabs.AutomationFramework.YourStoreTest" name="validateWishListIsUpdated" time="3.304"/>
  <testcase classname="com.naveenautomationlabs.AutomationFramework.LaptopsNotebookTest" name="validateClickingOnListOfLaptopsNotebookGoTORespectivePage" time="2.151"/>
</testsuite> <!-- Test -->
