<?xml version="1.0" encoding="UTF-8"?>
<testng-results ignored="0" total="11" passed="11" failed="0" skipped="0">
  <reporter-output>
  </reporter-output>
  <suite started-at="2023-07-08T20:23:07Z" name="Surefire suite" finished-at="2023-07-08T20:24:23Z" duration-ms="76520">
    <groups>
    </groups>
    <test started-at="2023-07-08T20:23:07Z" name="Surefire test" finished-at="2023-07-08T20:24:23Z" duration-ms="76520">
      <class name="com.naveenautomationlabs.AutomationFramework.YourStoreTest">
        <test-method is-config="true" signature="setUpLogger()[pri:0, instance:com.naveenautomationlabs.AutomationFramework.YourStoreTest@3349e9bb]" started-at="2023-07-08T20:23:21Z" name="setUpLogger" finished-at="2023-07-08T20:23:21Z" duration-ms="1" status="PASS">
          <reporter-output>
          </reporter-output>
        </test-method> <!-- setUpLogger -->
        <test-method is-config="true" signature="setUp()[pri:0, instance:com.naveenautomationlabs.AutomationFramework.YourStoreTest@3349e9bb]" started-at="2023-07-08T20:23:21Z" name="setUp" finished-at="2023-07-08T20:23:25Z" duration-ms="3818" status="PASS">
          <reporter-output>
          </reporter-output>
        </test-method> <!-- setUp -->
        <test-method signature="validateClickingDisplayItemOnMainPageTakesToItemPage()[pri:0, instance:com.naveenautomationlabs.AutomationFramework.YourStoreTest@3349e9bb]" started-at="2023-07-08T20:23:25Z" name="validateClickingDisplayItemOnMainPageTakesToItemPage" finished-at="2023-07-08T20:23:28Z" duration-ms="3186" status="PASS">
          <reporter-output>
          </reporter-output>
        </test-method> <!-- validateClickingDisplayItemOnMainPageTakesToItemPage -->
        <test-method is-config="true" signature="quit()[pri:0, instance:com.naveenautomationlabs.AutomationFramework.YourStoreTest@3349e9bb]" started-at="2023-07-08T20:23:28Z" name="quit" finished-at="2023-07-08T20:23:28Z" duration-ms="221" status="PASS">
          <reporter-output>
          </reporter-output>
        </test-method> <!-- quit -->
        <test-method is-config="true" signature="setUp()[pri:0, instance:com.naveenautomationlabs.AutomationFramework.YourStoreTest@3349e9bb]" started-at="2023-07-08T20:23:28Z" name="setUp" finished-at="2023-07-08T20:23:32Z" duration-ms="3843" status="PASS">
          <reporter-output>
          </reporter-output>
        </test-method> <!-- setUp -->
        <test-method signature="validateDisplayImageIsMovingOnMainPage()[pri:0, instance:com.naveenautomationlabs.AutomationFramework.YourStoreTest@3349e9bb]" started-at="2023-07-08T20:23:32Z" name="validateDisplayImageIsMovingOnMainPage" finished-at="2023-07-08T20:23:35Z" duration-ms="3105" status="PASS">
          <reporter-output>
          </reporter-output>
        </test-method> <!-- validateDisplayImageIsMovingOnMainPage -->
        <test-method is-config="true" signature="quit()[pri:0, instance:com.naveenautomationlabs.AutomationFramework.YourStoreTest@3349e9bb]" started-at="2023-07-08T20:23:35Z" name="quit" finished-at="2023-07-08T20:23:35Z" duration-ms="253" status="PASS">
          <reporter-output>
          </reporter-output>
        </test-method> <!-- quit -->
        <test-method is-config="true" signature="setUp()[pri:0, instance:com.naveenautomationlabs.AutomationFramework.YourStoreTest@3349e9bb]" started-at="2023-07-08T20:23:35Z" name="setUp" finished-at="2023-07-08T20:23:44Z" duration-ms="8009" status="PASS">
          <reporter-output>
          </reporter-output>
        </test-method> <!-- setUp -->
        <test-method signature="validateFooterDisplayImagesMoving()[pri:0, instance:com.naveenautomationlabs.AutomationFramework.YourStoreTest@3349e9bb]" started-at="2023-07-08T20:23:44Z" name="validateFooterDisplayImagesMoving" finished-at="2023-07-08T20:23:47Z" duration-ms="3702" status="PASS">
          <reporter-output>
          </reporter-output>
        </test-method> <!-- validateFooterDisplayImagesMoving -->
        <test-method is-config="true" signature="quit()[pri:0, instance:com.naveenautomationlabs.AutomationFramework.YourStoreTest@3349e9bb]" started-at="2023-07-08T20:23:47Z" name="quit" finished-at="2023-07-08T20:23:47Z" duration-ms="216" status="PASS">
          <reporter-output>
          </reporter-output>
        </test-method> <!-- quit -->
        <test-method is-config="true" signature="setUp()[pri:0, instance:com.naveenautomationlabs.AutomationFramework.YourStoreTest@3349e9bb]" started-at="2023-07-08T20:23:48Z" name="setUp" finished-at="2023-07-08T20:23:53Z" duration-ms="4500" status="PASS">
          <reporter-output>
          </reporter-output>
        </test-method> <!-- setUp -->
        <test-method signature="validateLoginUsingValidCredentials(java.lang.String, java.lang.String)[pri:0, instance:com.naveenautomationlabs.AutomationFramework.YourStoreTest@3349e9bb]" started-at="2023-07-08T20:23:53Z" name="validateLoginUsingValidCredentials" data-provider="loginDataProvider" finished-at="2023-07-08T20:23:54Z" duration-ms="1707" status="PASS">
          <params>
            <param index="0">
              <value>
                <![CDATA[tony@gmail.com]]>
              </value>
            </param>
            <param index="1">
              <value>
                <![CDATA[Password2]]>
              </value>
            </param>
          </params>
          <reporter-output>
          </reporter-output>
        </test-method> <!-- validateLoginUsingValidCredentials -->
        <test-method is-config="true" signature="quit()[pri:0, instance:com.naveenautomationlabs.AutomationFramework.YourStoreTest@3349e9bb]" started-at="2023-07-08T20:23:54Z" name="quit" finished-at="2023-07-08T20:23:54Z" duration-ms="110" status="PASS">
          <reporter-output>
          </reporter-output>
        </test-method> <!-- quit -->
        <test-method is-config="true" signature="setUp()[pri:0, instance:com.naveenautomationlabs.AutomationFramework.YourStoreTest@3349e9bb]" started-at="2023-07-08T20:23:54Z" name="setUp" finished-at="2023-07-08T20:23:58Z" duration-ms="3650" status="PASS">
          <reporter-output>
          </reporter-output>
        </test-method> <!-- setUp -->
        <test-method signature="validateLoginUsingValidCredentials(java.lang.String, java.lang.String)[pri:0, instance:com.naveenautomationlabs.AutomationFramework.YourStoreTest@3349e9bb]" started-at="2023-07-08T20:23:58Z" name="validateLoginUsingValidCredentials" data-provider="loginDataProvider" finished-at="2023-07-08T20:23:59Z" duration-ms="1388" status="PASS">
          <params>
            <param index="0">
              <value>
                <![CDATA[manpreetkaur1991@gmail.com]]>
              </value>
            </param>
            <param index="1">
              <value>
                <![CDATA[manpreetkaur]]>
              </value>
            </param>
          </params>
          <reporter-output>
          </reporter-output>
        </test-method> <!-- validateLoginUsingValidCredentials -->
        <test-method is-config="true" signature="quit()[pri:0, instance:com.naveenautomationlabs.AutomationFramework.YourStoreTest@3349e9bb]" started-at="2023-07-08T20:23:59Z" name="quit" finished-at="2023-07-08T20:24:00Z" duration-ms="120" status="PASS">
          <reporter-output>
          </reporter-output>
        </test-method> <!-- quit -->
        <test-method is-config="true" signature="setUp()[pri:0, instance:com.naveenautomationlabs.AutomationFramework.YourStoreTest@3349e9bb]" started-at="2023-07-08T20:24:00Z" name="setUp" finished-at="2023-07-08T20:24:03Z" duration-ms="3895" status="PASS">
          <reporter-output>
          </reporter-output>
        </test-method> <!-- setUp -->
        <test-method signature="validateLoginUsingValidCredentials(java.lang.String, java.lang.String)[pri:0, instance:com.naveenautomationlabs.AutomationFramework.YourStoreTest@3349e9bb]" started-at="2023-07-08T20:24:03Z" name="validateLoginUsingValidCredentials" data-provider="loginDataProvider" finished-at="2023-07-08T20:24:05Z" duration-ms="1411" status="PASS">
          <params>
            <param index="0">
              <value>
                <![CDATA[ryan@gmail.com]]>
              </value>
            </param>
            <param index="1">
              <value>
                <![CDATA[ChangePass1]]>
              </value>
            </param>
          </params>
          <reporter-output>
          </reporter-output>
        </test-method> <!-- validateLoginUsingValidCredentials -->
        <test-method is-config="true" signature="quit()[pri:0, instance:com.naveenautomationlabs.AutomationFramework.YourStoreTest@3349e9bb]" started-at="2023-07-08T20:24:05Z" name="quit" finished-at="2023-07-08T20:24:05Z" duration-ms="154" status="PASS">
          <reporter-output>
          </reporter-output>
        </test-method> <!-- quit -->
        <test-method is-config="true" signature="setUp()[pri:0, instance:com.naveenautomationlabs.AutomationFramework.YourStoreTest@3349e9bb]" started-at="2023-07-08T20:24:05Z" name="setUp" finished-at="2023-07-08T20:24:09Z" duration-ms="3805" status="PASS">
          <reporter-output>
          </reporter-output>
        </test-method> <!-- setUp -->
        <test-method signature="validateLoginUsingValidCredentials(java.lang.String, java.lang.String)[pri:0, instance:com.naveenautomationlabs.AutomationFramework.YourStoreTest@3349e9bb]" started-at="2023-07-08T20:24:09Z" name="validateLoginUsingValidCredentials" data-provider="loginDataProvider" finished-at="2023-07-08T20:24:10Z" duration-ms="1349" status="PASS">
          <params>
            <param index="0">
              <value>
                <![CDATA[jainrajat1234@gmail.com]]>
              </value>
            </param>
            <param index="1">
              <value>
                <![CDATA[RAJATjain]]>
              </value>
            </param>
          </params>
          <reporter-output>
          </reporter-output>
        </test-method> <!-- validateLoginUsingValidCredentials -->
        <test-method is-config="true" signature="quit()[pri:0, instance:com.naveenautomationlabs.AutomationFramework.YourStoreTest@3349e9bb]" started-at="2023-07-08T20:24:10Z" name="quit" finished-at="2023-07-08T20:24:10Z" duration-ms="112" status="PASS">
          <reporter-output>
          </reporter-output>
        </test-method> <!-- quit -->
        <test-method is-config="true" signature="setUp()[pri:0, instance:com.naveenautomationlabs.AutomationFramework.YourStoreTest@3349e9bb]" started-at="2023-07-08T20:24:10Z" name="setUp" finished-at="2023-07-08T20:24:14Z" duration-ms="3698" status="PASS">
          <reporter-output>
          </reporter-output>
        </test-method> <!-- setUp -->
        <test-method signature="validateWishListIsUpdated()[pri:0, instance:com.naveenautomationlabs.AutomationFramework.YourStoreTest@3349e9bb]" started-at="2023-07-08T20:24:14Z" name="validateWishListIsUpdated" finished-at="2023-07-08T20:24:17Z" duration-ms="3161" status="PASS">
          <reporter-output>
          </reporter-output>
        </test-method> <!-- validateWishListIsUpdated -->
        <test-method is-config="true" signature="quit()[pri:0, instance:com.naveenautomationlabs.AutomationFramework.YourStoreTest@3349e9bb]" started-at="2023-07-08T20:24:17Z" name="quit" finished-at="2023-07-08T20:24:17Z" duration-ms="186" status="PASS">
          <reporter-output>
          </reporter-output>
        </test-method> <!-- quit -->
      </class> <!-- com.naveenautomationlabs.AutomationFramework.YourStoreTest -->
      <class name="com.naveenautomationlabs.AutomationFramework.LaptopsNotebookTest">
        <test-method is-config="true" signature="setUpLogger()[pri:0, instance:com.naveenautomationlabs.AutomationFramework.LaptopsNotebookTest@f6efaab]" started-at="2023-07-08T20:23:07Z" name="setUpLogger" finished-at="2023-07-08T20:23:07Z" duration-ms="73" status="PASS">
          <reporter-output>
          </reporter-output>
        </test-method> <!-- setUpLogger -->
        <test-method is-config="true" signature="setUp()[pri:0, instance:com.naveenautomationlabs.AutomationFramework.LaptopsNotebookTest@f6efaab]" started-at="2023-07-08T20:23:07Z" name="setUp" finished-at="2023-07-08T20:23:11Z" duration-ms="4517" status="PASS">
          <reporter-output>
          </reporter-output>
        </test-method> <!-- setUp -->
        <test-method signature="validateClickingOnListOfLaptopsNotebookGoTORespectivePage()[pri:0, instance:com.naveenautomationlabs.AutomationFramework.LaptopsNotebookTest@f6efaab]" started-at="2023-07-08T20:23:11Z" name="validateClickingOnListOfLaptopsNotebookGoTORespectivePage" finished-at="2023-07-08T20:23:15Z" duration-ms="3090" status="PASS">
          <reporter-output>
          </reporter-output>
        </test-method> <!-- validateClickingOnListOfLaptopsNotebookGoTORespectivePage -->
        <test-method is-config="true" signature="quit()[pri:0, instance:com.naveenautomationlabs.AutomationFramework.LaptopsNotebookTest@f6efaab]" started-at="2023-07-08T20:23:15Z" name="quit" finished-at="2023-07-08T20:23:15Z" duration-ms="234" status="PASS">
          <reporter-output>
          </reporter-output>
        </test-method> <!-- quit -->
      </class> <!-- com.naveenautomationlabs.AutomationFramework.LaptopsNotebookTest -->
      <class name="com.naveenautomationlabs.AutomationFramework.MyWishListTest">
        <test-method is-config="true" signature="setUpLogger()[pri:0, instance:com.naveenautomationlabs.AutomationFramework.MyWishListTest@3c19aaa5]" started-at="2023-07-08T20:23:15Z" name="setUpLogger" finished-at="2023-07-08T20:23:15Z" duration-ms="2" status="PASS">
          <reporter-output>
          </reporter-output>
        </test-method> <!-- setUpLogger -->
        <test-method is-config="true" signature="setUp()[pri:0, instance:com.naveenautomationlabs.AutomationFramework.MyWishListTest@3c19aaa5]" started-at="2023-07-08T20:23:15Z" name="setUp" finished-at="2023-07-08T20:23:19Z" duration-ms="3836" status="PASS">
          <reporter-output>
          </reporter-output>
        </test-method> <!-- setUp -->
        <test-method signature="validateGettingCellElementFromTable()[pri:0, instance:com.naveenautomationlabs.AutomationFramework.MyWishListTest@3c19aaa5]" started-at="2023-07-08T20:23:19Z" name="validateGettingCellElementFromTable" finished-at="2023-07-08T20:23:21Z" duration-ms="2484" status="PASS">
          <reporter-output>
          </reporter-output>
        </test-method> <!-- validateGettingCellElementFromTable -->
        <test-method is-config="true" signature="setUp()[pri:0, instance:com.naveenautomationlabs.AutomationFramework.MyWishListTest@3c19aaa5]" started-at="2023-07-08T20:24:17Z" name="setUp" finished-at="2023-07-08T20:24:21Z" duration-ms="3771" status="PASS">
          <reporter-output>
          </reporter-output>
        </test-method> <!-- setUp -->
        <test-method signature="validateLogin()[pri:1, instance:com.naveenautomationlabs.AutomationFramework.MyWishListTest@3c19aaa5]" started-at="2023-07-08T20:24:21Z" name="validateLogin" finished-at="2023-07-08T20:24:23Z" duration-ms="2287" status="PASS">
          <reporter-output>
          </reporter-output>
        </test-method> <!-- validateLogin -->
      </class> <!-- com.naveenautomationlabs.AutomationFramework.MyWishListTest -->
    </test> <!-- Surefire test -->
  </suite> <!-- Surefire suite -->
</testng-results>
